[2025-06-11 11:16:18] [INFO] [MatrixMobileServlet]method = matrix-mobile-config
[2025-06-11 11:16:18] [INFO] [MatrixMobileServlet][matrixMobileConfig] Version = 1.3.7.0, appID = inswave.matrix.mobile
[2025-06-11 11:16:18] [INFO] ::  MATRIX_MOBILE_HOME = C:\InswaveToolSP1\workspace\InsWebApp\matrix_mobile_home
[2025-06-11 11:16:18] [INFO] ::  MATRIX_MOBILE_HOME Config Path = C:\InswaveToolSP1\workspace\InsWebApp\matrix_mobile_home\config
[2025-06-11 11:16:18] [INFO] #########################################
[2025-06-11 11:16:18] [INFO] [RefreshUpdatePatchGenerator] queue wait.
[2025-06-11 11:16:19] [INFO] appID = inswave.matrix.mobile
[2025-06-11 11:16:20] [INFO] YAMLParser new Instance!!!
[2025-06-11 11:16:21] [INFO] [MatrixMobileServlet]method = license
[2025-06-11 11:16:21] [SEVERE] [Matrix Mobile License] Loading License. PATH: /C:\InswaveToolSP1\workspace\InsWebApp\matrix_mobile_home\license\license
[2025-06-11 11:16:21] [SEVERE] [Matrix Mobile License] ############### MATRIX Mobile LICENSE File[1] ####################
[2025-06-11 11:16:23] [SEVERE] [Matrix Mobile License] ############### LICENSE INFO ####################
[2025-06-11 11:16:23] [SEVERE] [Matrix Mobile License] License ID : 1206
[2025-06-11 11:16:23] [SEVERE] [Matrix Mobile License] Customer ID: 2488
[2025-06-11 11:16:23] [SEVERE] [Matrix Mobile License] Name       : 2488
[2025-06-11 11:16:23] [SEVERE] [Matrix Mobile License] License Type: (Demo License)
[2025-06-11 11:16:23] [SEVERE] [Matrix Mobile License] HOST Name  : any
[2025-06-11 11:16:23] [SEVERE] [Matrix Mobile License] IP Address : 0.0.0.0
[2025-06-11 11:16:23] [SEVERE] [Matrix Mobile License] Product ID : 14
[2025-06-11 11:16:23] [SEVERE] [Matrix Mobile License] CPU Number : 256
[2025-06-11 11:16:23] [SEVERE] [Matrix Mobile License] Expiration : Sun Aug 31 00:00:00 KST 2025
[2025-06-11 11:16:23] [SEVERE] [Matrix Mobile License] appID[0] : inswave.wmatrix.template
[2025-06-11 11:16:23] [SEVERE] [Matrix Mobile License] appID[1] : inswave.wmatrix.template
[2025-06-11 11:16:23] [SEVERE] [Matrix Mobile License] #################################################

[2025-06-11 11:16:23] [SEVERE] [Matrix Mobile License] ############### SYSTEM INFO #####################
[2025-06-11 11:16:23] [SEVERE] [Matrix Mobile License] CPU Number : 8
[2025-06-11 11:16:23] [SEVERE] [Matrix Mobile License] HOST Name  : DESKTOP-9O07TDK
[2025-06-11 11:16:23] [SEVERE] [Matrix Mobile License] IP[0]      : 127.0.0.1
[2025-06-11 11:16:23] [SEVERE] [Matrix Mobile License] IP[1]      : 0:0:0:0:0:0:0:1
[2025-06-11 11:16:23] [SEVERE] [Matrix Mobile License] IP[2]      : 192.168.5.179
[2025-06-11 11:16:23] [SEVERE] [Matrix Mobile License] IP[3]      : fe80:0:0:0:1eb6:98f7:7f5c:f03b%wlan1
[2025-06-11 11:16:23] [SEVERE] [Matrix Mobile License] IP[4]      : fe80:0:0:0:5414:27df:8a51:7473%net3
[2025-06-11 11:16:23] [SEVERE] [Matrix Mobile License] IP[5]      : fe80:0:0:0:cfc6:5d5e:966a:9ff4%wlan2
[2025-06-11 11:16:23] [SEVERE] [Matrix Mobile License] IP[6]      : fe80:0:0:0:dca6:84be:ec3b:31b4%eth3
[2025-06-11 11:16:23] [SEVERE] [Matrix Mobile License] IP[7]      : 192.168.137.1
[2025-06-11 11:16:23] [SEVERE] [Matrix Mobile License] IP[8]      : fe80:0:0:0:e183:4fbc:4dfd:f922%wlan3
[2025-06-11 11:16:23] [SEVERE] [Matrix Mobile License] #################################################
[2025-06-11 11:18:35] [INFO] [MatrixMobileServlet]method = matrix-mobile-config
[2025-06-11 11:18:35] [INFO] [MatrixMobileServlet][matrixMobileConfig] Version = 1.3.7.0, appID = inswave.matrix.mobile
[2025-06-11 11:18:35] [INFO] [MatrixMobileServlet]method = license
[2025-06-11 11:23:46] [INFO] [MatrixMobileServlet]method = matrix-mobile-config
[2025-06-11 11:23:46] [INFO] [MatrixMobileServlet][matrixMobileConfig] Version = 1.3.7.0, appID = inswave.matrix.mobile
[2025-06-11 11:23:46] [INFO] [MatrixMobileServlet]method = license
[2025-06-11 11:26:31] [INFO] [MatrixMobileServlet]method = matrix-mobile-config
[2025-06-11 11:26:31] [INFO] [MatrixMobileServlet][matrixMobileConfig] Version = 1.3.7.0, appID = inswave.matrix.mobile
[2025-06-11 11:26:31] [INFO] [MatrixMobileServlet]method = license
[2025-06-11 11:56:06] [INFO] [MatrixMobileServlet]destroy EXEC
[2025-06-11 12:26:50] [INFO] [MatrixMobileServlet]method = matrix-mobile-config
[2025-06-11 12:26:50] [INFO] [MatrixMobileServlet][matrixMobileConfig] Version = 1.3.7.0, appID = inswave.matrix.mobile
[2025-06-11 12:26:50] [INFO] ::  MATRIX_MOBILE_HOME = C:\InswaveToolSP1\workspace\InsWebApp\matrix_mobile_home
[2025-06-11 12:26:50] [INFO] [RefreshUpdatePatchGenerator] queue wait.
[2025-06-11 12:26:50] [INFO] ::  MATRIX_MOBILE_HOME Config Path = C:\InswaveToolSP1\workspace\InsWebApp\matrix_mobile_home\config
[2025-06-11 12:26:50] [INFO] #########################################
[2025-06-11 12:26:51] [INFO] appID = inswave.matrix.mobile
[2025-06-11 12:26:51] [INFO] YAMLParser new Instance!!!
[2025-06-11 12:26:52] [INFO] [MatrixMobileServlet]method = license
[2025-06-11 12:26:52] [SEVERE] [Matrix Mobile License] Loading License. PATH: /C:\InswaveToolSP1\workspace\InsWebApp\matrix_mobile_home\license\license
[2025-06-11 12:26:52] [SEVERE] [Matrix Mobile License] ############### MATRIX Mobile LICENSE File[1] ####################
[2025-06-11 12:26:53] [SEVERE] [Matrix Mobile License] ############### LICENSE INFO ####################
[2025-06-11 12:26:53] [SEVERE] [Matrix Mobile License] License ID : 1206
[2025-06-11 12:26:53] [SEVERE] [Matrix Mobile License] Customer ID: 2488
[2025-06-11 12:26:53] [SEVERE] [Matrix Mobile License] Name       : 2488
[2025-06-11 12:26:53] [SEVERE] [Matrix Mobile License] License Type: (Demo License)
[2025-06-11 12:26:53] [SEVERE] [Matrix Mobile License] HOST Name  : any
[2025-06-11 12:26:53] [SEVERE] [Matrix Mobile License] IP Address : 0.0.0.0
[2025-06-11 12:26:53] [SEVERE] [Matrix Mobile License] Product ID : 14
[2025-06-11 12:26:53] [SEVERE] [Matrix Mobile License] CPU Number : 256
[2025-06-11 12:26:53] [SEVERE] [Matrix Mobile License] Expiration : Sun Aug 31 00:00:00 KST 2025
[2025-06-11 12:26:53] [SEVERE] [Matrix Mobile License] appID[0] : inswave.wmatrix.template
[2025-06-11 12:26:53] [SEVERE] [Matrix Mobile License] appID[1] : inswave.wmatrix.template
[2025-06-11 12:26:53] [SEVERE] [Matrix Mobile License] #################################################

[2025-06-11 12:26:53] [SEVERE] [Matrix Mobile License] ############### SYSTEM INFO #####################
[2025-06-11 12:26:53] [SEVERE] [Matrix Mobile License] CPU Number : 8
[2025-06-11 12:26:53] [SEVERE] [Matrix Mobile License] HOST Name  : DESKTOP-9O07TDK
[2025-06-11 12:26:53] [SEVERE] [Matrix Mobile License] IP[0]      : 127.0.0.1
[2025-06-11 12:26:53] [SEVERE] [Matrix Mobile License] IP[1]      : 0:0:0:0:0:0:0:1
[2025-06-11 12:26:53] [SEVERE] [Matrix Mobile License] IP[2]      : 192.168.5.179
[2025-06-11 12:26:53] [SEVERE] [Matrix Mobile License] IP[3]      : fe80:0:0:0:1eb6:98f7:7f5c:f03b%wlan1
[2025-06-11 12:26:53] [SEVERE] [Matrix Mobile License] IP[4]      : fe80:0:0:0:5414:27df:8a51:7473%net3
[2025-06-11 12:26:53] [SEVERE] [Matrix Mobile License] IP[5]      : fe80:0:0:0:cfc6:5d5e:966a:9ff4%wlan2
[2025-06-11 12:26:53] [SEVERE] [Matrix Mobile License] IP[6]      : fe80:0:0:0:dca6:84be:ec3b:31b4%eth3
[2025-06-11 12:26:53] [SEVERE] [Matrix Mobile License] IP[7]      : 192.168.137.1
[2025-06-11 12:26:53] [SEVERE] [Matrix Mobile License] IP[8]      : fe80:0:0:0:e183:4fbc:4dfd:f922%wlan3
[2025-06-11 12:26:53] [SEVERE] [Matrix Mobile License] #################################################
[2025-06-11 14:08:24] [INFO] [MatrixMobileServlet]method = matrix-mobile-config
[2025-06-11 14:08:24] [INFO] [MatrixMobileServlet][matrixMobileConfig] Version = 1.3.7.0, appID = inswave.matrix.mobile
[2025-06-11 14:08:24] [INFO] ::  MATRIX_MOBILE_HOME = C:\InswaveToolSP1\workspace\InsWebApp\matrix_mobile_home
[2025-06-11 14:08:24] [INFO] ::  MATRIX_MOBILE_HOME Config Path = C:\InswaveToolSP1\workspace\InsWebApp\matrix_mobile_home\config
[2025-06-11 14:08:24] [INFO] [RefreshUpdatePatchGenerator] queue wait.
[2025-06-11 14:08:24] [INFO] #########################################
[2025-06-11 14:08:24] [INFO] appID = inswave.matrix.mobile
[2025-06-11 14:08:25] [INFO] YAMLParser new Instance!!!
[2025-06-11 14:08:25] [INFO] [MatrixMobileServlet]method = license
[2025-06-11 14:08:25] [SEVERE] [Matrix Mobile License] Loading License. PATH: /C:\InswaveToolSP1\workspace\InsWebApp\matrix_mobile_home\license\license
[2025-06-11 14:08:25] [SEVERE] [Matrix Mobile License] ############### MATRIX Mobile LICENSE File[1] ####################
[2025-06-11 14:08:27] [SEVERE] [Matrix Mobile License] ############### LICENSE INFO ####################
[2025-06-11 14:08:27] [SEVERE] [Matrix Mobile License] License ID : 1206
[2025-06-11 14:08:27] [SEVERE] [Matrix Mobile License] Customer ID: 2488
[2025-06-11 14:08:27] [SEVERE] [Matrix Mobile License] Name       : 2488
[2025-06-11 14:08:27] [SEVERE] [Matrix Mobile License] License Type: (Demo License)
[2025-06-11 14:08:27] [SEVERE] [Matrix Mobile License] HOST Name  : any
[2025-06-11 14:08:27] [SEVERE] [Matrix Mobile License] IP Address : 0.0.0.0
[2025-06-11 14:08:27] [SEVERE] [Matrix Mobile License] Product ID : 14
[2025-06-11 14:08:27] [SEVERE] [Matrix Mobile License] CPU Number : 256
[2025-06-11 14:08:27] [SEVERE] [Matrix Mobile License] Expiration : Sun Aug 31 00:00:00 KST 2025
[2025-06-11 14:08:27] [SEVERE] [Matrix Mobile License] appID[0] : inswave.wmatrix.template
[2025-06-11 14:08:27] [SEVERE] [Matrix Mobile License] appID[1] : inswave.wmatrix.template
[2025-06-11 14:08:27] [SEVERE] [Matrix Mobile License] #################################################

[2025-06-11 14:08:27] [SEVERE] [Matrix Mobile License] ############### SYSTEM INFO #####################
[2025-06-11 14:08:27] [SEVERE] [Matrix Mobile License] CPU Number : 8
[2025-06-11 14:08:27] [SEVERE] [Matrix Mobile License] HOST Name  : DESKTOP-9O07TDK
[2025-06-11 14:08:27] [SEVERE] [Matrix Mobile License] IP[0]      : 127.0.0.1
[2025-06-11 14:08:27] [SEVERE] [Matrix Mobile License] IP[1]      : 0:0:0:0:0:0:0:1
[2025-06-11 14:08:27] [SEVERE] [Matrix Mobile License] IP[2]      : 192.168.5.179
[2025-06-11 14:08:27] [SEVERE] [Matrix Mobile License] IP[3]      : fe80:0:0:0:1eb6:98f7:7f5c:f03b%wlan1
[2025-06-11 14:08:27] [SEVERE] [Matrix Mobile License] IP[4]      : fe80:0:0:0:5414:27df:8a51:7473%net3
[2025-06-11 14:08:27] [SEVERE] [Matrix Mobile License] IP[5]      : fe80:0:0:0:cfc6:5d5e:966a:9ff4%wlan2
[2025-06-11 14:08:27] [SEVERE] [Matrix Mobile License] IP[6]      : fe80:0:0:0:dca6:84be:ec3b:31b4%eth3
[2025-06-11 14:08:27] [SEVERE] [Matrix Mobile License] IP[7]      : 192.168.137.1
[2025-06-11 14:08:27] [SEVERE] [Matrix Mobile License] IP[8]      : fe80:0:0:0:e183:4fbc:4dfd:f922%wlan3
[2025-06-11 14:08:27] [SEVERE] [Matrix Mobile License] #################################################
[2025-06-11 14:23:26] [INFO] [MatrixMobileServlet]method = matrix-mobile-config
[2025-06-11 14:23:26] [INFO] [MatrixMobileServlet][matrixMobileConfig] Version = 1.3.7.0, appID = inswave.matrix.mobile
[2025-06-11 14:23:26] [INFO] [MatrixMobileServlet]method = license
[2025-06-11 14:53:12] [INFO] [MatrixMobileServlet]method = matrix-mobile-config
[2025-06-11 14:53:12] [INFO] [MatrixMobileServlet][matrixMobileConfig] Version = 1.3.7.0, appID = inswave.matrix.mobile
[2025-06-11 14:53:12] [INFO] ::  MATRIX_MOBILE_HOME = C:\InswaveToolSP1\workspace\InsWebApp\matrix_mobile_home
[2025-06-11 14:53:12] [INFO] ::  MATRIX_MOBILE_HOME Config Path = C:\InswaveToolSP1\workspace\InsWebApp\matrix_mobile_home\config
[2025-06-11 14:53:12] [INFO] [RefreshUpdatePatchGenerator] queue wait.
[2025-06-11 14:53:12] [INFO] #########################################
[2025-06-11 14:53:12] [INFO] appID = inswave.matrix.mobile
[2025-06-11 14:53:13] [INFO] YAMLParser new Instance!!!
[2025-06-11 14:53:14] [INFO] [MatrixMobileServlet]method = license
[2025-06-11 14:53:14] [SEVERE] [Matrix Mobile License] Loading License. PATH: /C:\InswaveToolSP1\workspace\InsWebApp\matrix_mobile_home\license\license
[2025-06-11 14:53:14] [SEVERE] [Matrix Mobile License] ############### MATRIX Mobile LICENSE File[1] ####################
[2025-06-11 14:53:16] [SEVERE] [Matrix Mobile License] ############### LICENSE INFO ####################
[2025-06-11 14:53:16] [SEVERE] [Matrix Mobile License] License ID : 1206
[2025-06-11 14:53:16] [SEVERE] [Matrix Mobile License] Customer ID: 2488
[2025-06-11 14:53:16] [SEVERE] [Matrix Mobile License] Name       : 2488
[2025-06-11 14:53:16] [SEVERE] [Matrix Mobile License] License Type: (Demo License)
[2025-06-11 14:53:16] [SEVERE] [Matrix Mobile License] HOST Name  : any
[2025-06-11 14:53:16] [SEVERE] [Matrix Mobile License] IP Address : 0.0.0.0
[2025-06-11 14:53:16] [SEVERE] [Matrix Mobile License] Product ID : 14
[2025-06-11 14:53:16] [SEVERE] [Matrix Mobile License] CPU Number : 256
[2025-06-11 14:53:16] [SEVERE] [Matrix Mobile License] Expiration : Sun Aug 31 00:00:00 KST 2025
[2025-06-11 14:53:16] [SEVERE] [Matrix Mobile License] appID[0] : inswave.wmatrix.template
[2025-06-11 14:53:16] [SEVERE] [Matrix Mobile License] appID[1] : inswave.wmatrix.template
[2025-06-11 14:53:16] [SEVERE] [Matrix Mobile License] #################################################

[2025-06-11 14:53:16] [SEVERE] [Matrix Mobile License] ############### SYSTEM INFO #####################
[2025-06-11 14:53:16] [SEVERE] [Matrix Mobile License] CPU Number : 8
[2025-06-11 14:53:16] [SEVERE] [Matrix Mobile License] HOST Name  : DESKTOP-9O07TDK
[2025-06-11 14:53:16] [SEVERE] [Matrix Mobile License] IP[0]      : 127.0.0.1
[2025-06-11 14:53:16] [SEVERE] [Matrix Mobile License] IP[1]      : 0:0:0:0:0:0:0:1
[2025-06-11 14:53:16] [SEVERE] [Matrix Mobile License] IP[2]      : 192.168.5.179
[2025-06-11 14:53:16] [SEVERE] [Matrix Mobile License] IP[3]      : fe80:0:0:0:1eb6:98f7:7f5c:f03b%wlan1
[2025-06-11 14:53:16] [SEVERE] [Matrix Mobile License] IP[4]      : fe80:0:0:0:5414:27df:8a51:7473%net3
[2025-06-11 14:53:16] [SEVERE] [Matrix Mobile License] IP[5]      : fe80:0:0:0:cfc6:5d5e:966a:9ff4%wlan2
[2025-06-11 14:53:16] [SEVERE] [Matrix Mobile License] IP[6]      : fe80:0:0:0:dca6:84be:ec3b:31b4%eth3
[2025-06-11 14:53:16] [SEVERE] [Matrix Mobile License] IP[7]      : 192.168.137.1
[2025-06-11 14:53:16] [SEVERE] [Matrix Mobile License] IP[8]      : fe80:0:0:0:e183:4fbc:4dfd:f922%wlan3
[2025-06-11 14:53:16] [SEVERE] [Matrix Mobile License] #################################################
[2025-06-11 14:59:08] [INFO] [MatrixMobileServlet]method = matrix-mobile-config
[2025-06-11 14:59:08] [INFO] [MatrixMobileServlet][matrixMobileConfig] Version = 1.3.7.0, appID = inswave.matrix.mobile
[2025-06-11 14:59:09] [INFO] [MatrixMobileServlet]method = license
